Determining if the pthread_create exist failed with the following output:
Change Dir: /home/erik/downloads/rand/lemon-1.3.1/build/CMakeFiles/CMakeTmp

Run Build Command:"/usr/bin/make" "cmTC_93097/fast"
/usr/bin/make -f CMakeFiles/cmTC_93097.dir/build.make CMakeFiles/cmTC_93097.dir/build
make[1]: Entering directory '/home/erik/downloads/rand/lemon-1.3.1/build/CMakeFiles/CMakeTmp'
Building C object CMakeFiles/cmTC_93097.dir/CheckSymbolExists.c.o
/usr/bin/cc    -o CMakeFiles/cmTC_93097.dir/CheckSymbolExists.c.o   -c /home/erik/downloads/rand/lemon-1.3.1/build/CMakeFiles/CMakeTmp/CheckSymbolExists.c
Linking C executable cmTC_93097
/usr/bin/cmake -E cmake_link_script CMakeFiles/cmTC_93097.dir/link.txt --verbose=1
/usr/bin/cc      -rdynamic CMakeFiles/cmTC_93097.dir/CheckSymbolExists.c.o  -o cmTC_93097 
CMakeFiles/cmTC_93097.dir/CheckSymbolExists.c.o: In function `main':
CheckSymbolExists.c:(.text+0x16): undefined reference to `pthread_create'
collect2: error: ld returned 1 exit status
make[1]: *** [CMakeFiles/cmTC_93097.dir/build.make:98: cmTC_93097] Error 1
make[1]: Leaving directory '/home/erik/downloads/rand/lemon-1.3.1/build/CMakeFiles/CMakeTmp'
make: *** [Makefile:126: cmTC_93097/fast] Error 2

File /home/erik/downloads/rand/lemon-1.3.1/build/CMakeFiles/CMakeTmp/CheckSymbolExists.c:
/* */
#include <pthread.h>

int main(int argc, char** argv)
{
  (void)argv;
#ifndef pthread_create
  return ((int*)(&pthread_create))[argc];
#else
  (void)argc;
  return 0;
#endif
}

Determining if the function pthread_create exists in the pthreads failed with the following output:
Change Dir: /home/erik/downloads/rand/lemon-1.3.1/build/CMakeFiles/CMakeTmp

Run Build Command:"/usr/bin/make" "cmTC_de441/fast"
/usr/bin/make -f CMakeFiles/cmTC_de441.dir/build.make CMakeFiles/cmTC_de441.dir/build
make[1]: Entering directory '/home/erik/downloads/rand/lemon-1.3.1/build/CMakeFiles/CMakeTmp'
Building C object CMakeFiles/cmTC_de441.dir/CheckFunctionExists.c.o
/usr/bin/cc   -DCHECK_FUNCTION_EXISTS=pthread_create   -o CMakeFiles/cmTC_de441.dir/CheckFunctionExists.c.o   -c /usr/share/cmake-3.8/Modules/CheckFunctionExists.c
Linking C executable cmTC_de441
/usr/bin/cmake -E cmake_link_script CMakeFiles/cmTC_de441.dir/link.txt --verbose=1
/usr/bin/cc  -DCHECK_FUNCTION_EXISTS=pthread_create    -rdynamic CMakeFiles/cmTC_de441.dir/CheckFunctionExists.c.o  -o cmTC_de441 -lpthreads 
/usr/bin/ld: cannot find -lpthreads
collect2: error: ld returned 1 exit status
make[1]: *** [CMakeFiles/cmTC_de441.dir/build.make:98: cmTC_de441] Error 1
make[1]: Leaving directory '/home/erik/downloads/rand/lemon-1.3.1/build/CMakeFiles/CMakeTmp'
make: *** [Makefile:126: cmTC_de441/fast] Error 2


